[debug] [2026-06-03T07:08:13.712Z] ----------------------------------------------------------------------
[debug] [2026-06-03T07:08:13.715Z] Command:       C:\Program Files\nodejs\node.exe C:\Users\samed\AppData\Roaming\npm\node_modules\firebase-tools\lib\bin\firebase.js init
[debug] [2026-06-03T07:08:13.715Z] CLI Version:   15.18.0
[debug] [2026-06-03T07:08:13.716Z] Platform:      win32
[debug] [2026-06-03T07:08:13.716Z] Node Version:  v24.11.0
[debug] [2026-06-03T07:08:13.716Z] Time:          Wed Jun 03 2026 10:08:13 GMT+0300 (GMT+03:00)
[debug] [2026-06-03T07:08:13.716Z] ----------------------------------------------------------------------
[debug] 
[info] 
     ######## #### ########  ######## ########     ###     ######  ########
     ##        ##  ##     ## ##       ##     ##  ##   ##  ##       ##
     ######    ##  ########  ######   ########  #########  ######  ######
     ##        ##  ##    ##  ##       ##     ## ##     ##       ## ##
     ##       #### ##     ## ######## ########  ##     ##  ######  ########

You're about to initialize a Firebase project in this directory:

  D:\PROJELER\4. proje\web

[info] 
=== Project Setup
[info] 
[info] First, let's associate this project directory with a Firebase project.
[info] You can create multiple project aliases by running firebase use --add, 
[info] 
[debug] [2026-06-03T07:08:31.432Z] > command requires scopes: ["email","openid","https://www.googleapis.com/auth/cloudplatformprojects.readonly","https://www.googleapis.com/auth/firebase","https://www.googleapis.com/auth/cloud-platform"]
[debug] [2026-06-03T07:08:31.432Z] > authorizing via signed-in user (nacarabso@gmail.com)
[debug] [2026-06-03T07:08:31.435Z] Checked if tokens are valid: true, expires at: 1780472256897
[debug] [2026-06-03T07:08:31.435Z] Checked if tokens are valid: true, expires at: 1780472256897
[debug] [2026-06-03T07:08:31.437Z] >>> [apiv2][query] GET https://firebase.googleapis.com/v1beta1/projects/ibw-2026 [none]
[debug] [2026-06-03T07:08:31.959Z] <<< [apiv2][status] GET https://firebase.googleapis.com/v1beta1/projects/ibw-2026 200
[debug] [2026-06-03T07:08:31.959Z] <<< [apiv2][body] GET https://firebase.googleapis.com/v1beta1/projects/ibw-2026 {"projectId":"ibw-2026","projectNumber":"432321752819","displayName":"IBW-2026","name":"projects/ibw-2026","resources":{"hostingSite":"ibw-2026"},"state":"ACTIVE","etag":"1_dba10fa9-46ad-4ee1-8de1-5cb1c3dcb330"}
[info] i  Using project ibw-2026 (IBW-2026) . 
[info] 
=== Firestore Setup
[info] i  firestore: ensuring required API firestore.googleapis.com is enabled... 
[debug] [2026-06-03T07:08:31.971Z] Checked if tokens are valid: true, expires at: 1780472256897
[debug] [2026-06-03T07:08:31.971Z] Checked if tokens are valid: true, expires at: 1780472256897
[debug] [2026-06-03T07:08:31.971Z] >>> [apiv2][query] GET https://firestore.googleapis.com/v1/projects/ibw-2026/databases [none]
[debug] [2026-06-03T07:08:32.775Z] <<< [apiv2][status] GET https://firestore.googleapis.com/v1/projects/ibw-2026/databases 200
[debug] [2026-06-03T07:08:32.775Z] <<< [apiv2][body] GET https://firestore.googleapis.com/v1/projects/ibw-2026/databases {"databases":[{"name":"projects/ibw-2026/databases/(default)","uid":"a22d57cc-c559-4ce2-9a7d-21e6b254f325","createTime":"2026-06-03T02:28:28.569658Z","updateTime":"2026-06-03T02:28:28.569658Z","locationId":"eur3","type":"FIRESTORE_NATIVE","concurrencyMode":"PESSIMISTIC","versionRetentionPeriod":"3600s","earliestVersionTime":"2026-06-03T06:08:15.510896Z","appEngineIntegrationMode":"DISABLED","keyPrefix":"e","pointInTimeRecoveryEnablement":"POINT_IN_TIME_RECOVERY_DISABLED","deleteProtectionState":"DELETE_PROTECTION_DISABLED","databaseEdition":"STANDARD","freeTier":true,"realtimeUpdatesMode":"REALTIME_UPDATES_MODE_ENABLED","etag":"IJnMlrvB6pQDMM3Y9+KP6pQD"}]}
[info] 
[info] Firestore Security Rules allow you to define how and when to allow
[info] requests. You can keep these rules in your project directory
[info] and publish them with firebase deploy.
[info] 
[debug] [2026-06-03T07:08:33.869Z] Checked if tokens are valid: true, expires at: 1780472256897
[debug] [2026-06-03T07:08:33.870Z] Checked if tokens are valid: true, expires at: 1780472256897
[debug] [2026-06-03T07:08:33.870Z] >>> [apiv2][query] GET https://firebaserules.googleapis.com/v1/projects/ibw-2026/releases pageSize=10&pageToken=
[debug] [2026-06-03T07:08:34.171Z] <<< [apiv2][status] GET https://firebaserules.googleapis.com/v1/projects/ibw-2026/releases 200
[debug] [2026-06-03T07:08:34.171Z] <<< [apiv2][body] GET https://firebaserules.googleapis.com/v1/projects/ibw-2026/releases {"releases":[{"name":"projects/ibw-2026/releases/cloud.firestore","rulesetName":"projects/ibw-2026/rulesets/06cda1a9-a568-416d-a302-72c657741ad6","createTime":"2026-06-03T02:28:31.862584Z","updateTime":"2026-06-03T02:28:31.862584Z"}]}
[debug] [2026-06-03T07:08:34.171Z] Checked if tokens are valid: true, expires at: 1780472256897
[debug] [2026-06-03T07:08:34.172Z] Checked if tokens are valid: true, expires at: 1780472256897
[debug] [2026-06-03T07:08:34.172Z] >>> [apiv2][query] GET https://firebaserules.googleapis.com/v1/projects/ibw-2026/rulesets/06cda1a9-a568-416d-a302-72c657741ad6 [none]
[debug] [2026-06-03T07:08:34.508Z] <<< [apiv2][status] GET https://firebaserules.googleapis.com/v1/projects/ibw-2026/rulesets/06cda1a9-a568-416d-a302-72c657741ad6 200
[debug] [2026-06-03T07:08:34.508Z] <<< [apiv2][body] GET https://firebaserules.googleapis.com/v1/projects/ibw-2026/rulesets/06cda1a9-a568-416d-a302-72c657741ad6 [omitted]
[info] i  Downloaded the existing Firestore Security Rules from the Firebase console 
[info] i  y is unchanged 
[info] 
[info] Firestore indexes allow you to perform complex queries while
[info] maintaining performance that scales with the size of the result
[info] set. You can keep index definitions in your project directory
[info] and publish them with firebase deploy.
[info] 
[debug] [2026-06-03T07:08:35.114Z] Checked if tokens are valid: true, expires at: 1780472256897
[debug] [2026-06-03T07:08:35.115Z] Checked if tokens are valid: true, expires at: 1780472256897
[debug] [2026-06-03T07:08:35.115Z] Checked if tokens are valid: true, expires at: 1780472256897
[debug] [2026-06-03T07:08:35.115Z] Checked if tokens are valid: true, expires at: 1780472256897
[debug] [2026-06-03T07:08:35.115Z] >>> [apiv2][query] GET https://firestore.googleapis.com/v1/projects/ibw-2026/databases/(default)/collectionGroups/-/indexes [none]
[debug] [2026-06-03T07:08:35.115Z] >>> [apiv2][query] GET https://firestore.googleapis.com/v1/projects/ibw-2026/databases/(default)/collectionGroups/-/fields?filter=indexConfig.usesAncestorConfig=false OR ttlConfig:* [none]
[debug] [2026-06-03T07:08:35.529Z] <<< [apiv2][status] GET https://firestore.googleapis.com/v1/projects/ibw-2026/databases/(default)/collectionGroups/-/indexes 200
[debug] [2026-06-03T07:08:35.529Z] <<< [apiv2][body] GET https://firestore.googleapis.com/v1/projects/ibw-2026/databases/(default)/collectionGroups/-/indexes {}
[debug] [2026-06-03T07:08:35.549Z] <<< [apiv2][status] GET https://firestore.googleapis.com/v1/projects/ibw-2026/databases/(default)/collectionGroups/-/fields?filter=indexConfig.usesAncestorConfig=false OR ttlConfig:* 200
[debug] [2026-06-03T07:08:35.549Z] <<< [apiv2][body] GET https://firestore.googleapis.com/v1/projects/ibw-2026/databases/(default)/collectionGroups/-/fields?filter=indexConfig.usesAncestorConfig=false OR ttlConfig:* {"fields":[{"name":"projects/ibw-2026/databases/(default)/collectionGroups/__default__/fields/*","indexConfig":{"indexes":[{"queryScope":"COLLECTION","fields":[{"fieldPath":"*","order":"ASCENDING"}],"state":"READY"},{"queryScope":"COLLECTION","fields":[{"fieldPath":"*","order":"DESCENDING"}],"state":"READY"},{"queryScope":"COLLECTION","fields":[{"fieldPath":"*","arrayConfig":"CONTAINS"}],"state":"READY"}]}}]}
[info] i  Downloaded the existing Firestore indexes from the Firebase console 
[info] +  Wrote y 
[info] 
=== Hosting Setup
[info] 
[info] 
=== App Hosting Setup
[debug] [2026-06-03T07:08:41.661Z] Checked if tokens are valid: true, expires at: 1780472256897
[debug] [2026-06-03T07:08:41.661Z] Checked if tokens are valid: true, expires at: 1780472256897
[debug] [2026-06-03T07:08:41.661Z] >>> [apiv2][query] GET https://cloudbilling.googleapis.com/v1/projects/ibw-2026/billingInfo [none]
[debug] [2026-06-03T07:08:41.998Z] <<< [apiv2][status] GET https://cloudbilling.googleapis.com/v1/projects/ibw-2026/billingInfo 200
[debug] [2026-06-03T07:08:41.998Z] <<< [apiv2][body] GET https://cloudbilling.googleapis.com/v1/projects/ibw-2026/billingInfo {"name":"projects/ibw-2026/billingInfo","projectId":"ibw-2026","billingAccountName":"billingAccounts/017E4E-9262C5-6FAD3E","billingEnabled":true}
[debug] [2026-06-03T07:08:42.001Z] Checked if tokens are valid: true, expires at: 1780472256897
[debug] [2026-06-03T07:08:42.001Z] Checked if tokens are valid: true, expires at: 1780472256897
[debug] [2026-06-03T07:08:42.001Z] >>> [apiv2][query] POST https://iam.googleapis.com/v1/projects/ibw-2026/serviceAccounts/firebase-app-hosting-compute@ibw-2026.iam.gserviceaccount.com:testIamPermissions [none]
[debug] [2026-06-03T07:08:42.001Z] >>> [apiv2][(partial)header] POST https://iam.googleapis.com/v1/projects/ibw-2026/serviceAccounts/firebase-app-hosting-compute@ibw-2026.iam.gserviceaccount.com:testIamPermissions  x-goog-user-project=ibw-2026
[debug] [2026-06-03T07:08:42.001Z] >>> [apiv2][body] POST https://iam.googleapis.com/v1/projects/ibw-2026/serviceAccounts/firebase-app-hosting-compute@ibw-2026.iam.gserviceaccount.com:testIamPermissions {"permissions":["iam.serviceAccounts.actAs"]}
[debug] [2026-06-03T07:08:42.909Z] <<< [apiv2][status] POST https://iam.googleapis.com/v1/projects/ibw-2026/serviceAccounts/firebase-app-hosting-compute@ibw-2026.iam.gserviceaccount.com:testIamPermissions 200
[debug] [2026-06-03T07:08:42.910Z] <<< [apiv2][body] POST https://iam.googleapis.com/v1/projects/ibw-2026/serviceAccounts/firebase-app-hosting-compute@ibw-2026.iam.gserviceaccount.com:testIamPermissions {"permissions":["iam.serviceAccounts.actAs"]}
[debug] [2026-06-03T07:08:42.910Z] Checked if tokens are valid: true, expires at: 1780472256897
[debug] [2026-06-03T07:08:42.911Z] Checked if tokens are valid: true, expires at: 1780472256897
[debug] [2026-06-03T07:08:42.911Z] >>> [apiv2][query] POST https://iam.googleapis.com/v1/projects/ibw-2026/serviceAccounts [none]
[debug] [2026-06-03T07:08:42.911Z] >>> [apiv2][body] POST https://iam.googleapis.com/v1/projects/ibw-2026/serviceAccounts {"accountId":"firebase-app-hosting-compute","serviceAccount":{"displayName":"Firebase App Hosting compute service account","description":"Default service account used to run builds and deploys for Firebase App Hosting"}}
[debug] [2026-06-03T07:08:43.944Z] <<< [apiv2][status] POST https://iam.googleapis.com/v1/projects/ibw-2026/serviceAccounts 409
[debug] [2026-06-03T07:08:43.944Z] <<< [apiv2][body] POST https://iam.googleapis.com/v1/projects/ibw-2026/serviceAccounts [omitted]
[debug] [2026-06-03T07:08:43.945Z] Checked if tokens are valid: true, expires at: 1780472256897
[debug] [2026-06-03T07:08:43.946Z] Checked if tokens are valid: true, expires at: 1780472256897
[debug] [2026-06-03T07:08:43.946Z] >>> [apiv2][query] POST https://cloudresourcemanager.googleapis.com/v1/projects/ibw-2026:getIamPolicy [none]
[debug] [2026-06-03T07:08:44.965Z] <<< [apiv2][status] POST https://cloudresourcemanager.googleapis.com/v1/projects/ibw-2026:getIamPolicy 200
[debug] [2026-06-03T07:08:44.965Z] <<< [apiv2][body] POST https://cloudresourcemanager.googleapis.com/v1/projects/ibw-2026:getIamPolicy {"version":1,"etag":"BwZTVBOWY8M=","bindings":[{"role":"roles/cloudbuild.builds.builder","members":["serviceAccount:432321752819@cloudbuild.gserviceaccount.com"]},{"role":"roles/cloudbuild.serviceAgent","members":["serviceAccount:service-432321752819@gcp-sa-cloudbuild.iam.gserviceaccount.com"]},{"role":"roles/containerregistry.ServiceAgent","members":["serviceAccount:service-432321752819@containerregistry.iam.gserviceaccount.com"]},{"role":"roles/developerconnect.readTokenAccessor","members":["serviceAccount:firebase-app-hosting-compute@ibw-2026.iam.gserviceaccount.com"]},{"role":"roles/editor","members":["serviceAccount:432321752819-compute@developer.gserviceaccount.com"]},{"role":"roles/firebase.managementServiceAgent","members":["serviceAccount:service-432321752819@gcp-sa-firebase.iam.gserviceaccount.com"]},{"role":"roles/firebase.sdkAdminServiceAgent","members":["serviceAccount:firebase-adminsdk-fbsvc@ibw-2026.iam.gserviceaccount.com","serviceAccount:firebase-app-hosting-compute@ibw-2026.iam.gserviceaccount.com"]},{"role":"roles/firebaseapphosting.computeRunner","members":["serviceAccount:firebase-app-hosting-compute@ibw-2026.iam.gserviceaccount.com"]},{"role":"roles/firebaseapphosting.serviceAgent","members":["serviceAccount:service-432321752819@gcp-sa-firebaseapphosting.iam.gserviceaccount.com"]},{"role":"roles/firebaseauth.admin","members":["serviceAccount:firebase-adminsdk-fbsvc@ibw-2026.iam.gserviceaccount.com"]},{"role":"roles/firebaserules.system","members":["serviceAccount:service-432321752819@firebase-rules.iam.gserviceaccount.com"]},{"role":"roles/firestore.serviceAgent","members":["serviceAccount:service-432321752819@gcp-sa-firestore.iam.gserviceaccount.com"]},{"role":"roles/iam.serviceAccountTokenCreator","members":["serviceAccount:firebase-adminsdk-fbsvc@ibw-2026.iam.gserviceaccount.com"]},{"role":"roles/owner","members":["user:nacarabso@gmail.com"]},{"role":"roles/run.serviceAgent","members":["serviceAccount:service-432321752819@serverless-robot-prod.iam.gserviceaccount.com"]},{"role":"roles/storage.objectViewer","members":["serviceAccount:firebase-app-hosting-compute@ibw-2026.iam.gserviceaccount.com"]}]}
[debug] [2026-06-03T07:08:44.966Z] Checked if tokens are valid: true, expires at: 1780472256897
[debug] [2026-06-03T07:08:44.966Z] Checked if tokens are valid: true, expires at: 1780472256897
[debug] [2026-06-03T07:08:44.966Z] >>> [apiv2][query] POST https://cloudresourcemanager.googleapis.com/v1/projects/ibw-2026:setIamPolicy [none]
[debug] [2026-06-03T07:08:44.966Z] >>> [apiv2][body] POST https://cloudresourcemanager.googleapis.com/v1/projects/ibw-2026:setIamPolicy {"policy":{"version":1,"etag":"BwZTVBOWY8M=","bindings":[{"role":"roles/cloudbuild.builds.builder","members":["serviceAccount:432321752819@cloudbuild.gserviceaccount.com"]},{"role":"roles/cloudbuild.serviceAgent","members":["serviceAccount:service-432321752819@gcp-sa-cloudbuild.iam.gserviceaccount.com"]},{"role":"roles/containerregistry.ServiceAgent","members":["serviceAccount:service-432321752819@containerregistry.iam.gserviceaccount.com"]},{"role":"roles/developerconnect.readTokenAccessor","members":["serviceAccount:firebase-app-hosting-compute@ibw-2026.iam.gserviceaccount.com"]},{"role":"roles/editor","members":["serviceAccount:432321752819-compute@developer.gserviceaccount.com"]},{"role":"roles/firebase.managementServiceAgent","members":["serviceAccount:service-432321752819@gcp-sa-firebase.iam.gserviceaccount.com"]},{"role":"roles/firebase.sdkAdminServiceAgent","members":["serviceAccount:firebase-adminsdk-fbsvc@ibw-2026.iam.gserviceaccount.com","serviceAccount:firebase-app-hosting-compute@ibw-2026.iam.gserviceaccount.com"]},{"role":"roles/firebaseapphosting.computeRunner","members":["serviceAccount:firebase-app-hosting-compute@ibw-2026.iam.gserviceaccount.com"]},{"role":"roles/firebaseapphosting.serviceAgent","members":["serviceAccount:service-432321752819@gcp-sa-firebaseapphosting.iam.gserviceaccount.com"]},{"role":"roles/firebaseauth.admin","members":["serviceAccount:firebase-adminsdk-fbsvc@ibw-2026.iam.gserviceaccount.com"]},{"role":"roles/firebaserules.system","members":["serviceAccount:service-432321752819@firebase-rules.iam.gserviceaccount.com"]},{"role":"roles/firestore.serviceAgent","members":["serviceAccount:service-432321752819@gcp-sa-firestore.iam.gserviceaccount.com"]},{"role":"roles/iam.serviceAccountTokenCreator","members":["serviceAccount:firebase-adminsdk-fbsvc@ibw-2026.iam.gserviceaccount.com"]},{"role":"roles/owner","members":["user:nacarabso@gmail.com"]},{"role":"roles/run.serviceAgent","members":["serviceAccount:service-432321752819@serverless-robot-prod.iam.gserviceaccount.com"]},{"role":"roles/storage.objectViewer","members":["serviceAccount:firebase-app-hosting-compute@ibw-2026.iam.gserviceaccount.com"]}]},"updateMask":"bindings"}
[debug] [2026-06-03T07:08:45.977Z] <<< [apiv2][status] POST https://cloudresourcemanager.googleapis.com/v1/projects/ibw-2026:setIamPolicy 200
[debug] [2026-06-03T07:08:45.977Z] <<< [apiv2][body] POST https://cloudresourcemanager.googleapis.com/v1/projects/ibw-2026:setIamPolicy {"version":1,"etag":"BwZTVBgz0cs=","bindings":[{"role":"roles/cloudbuild.builds.builder","members":["serviceAccount:432321752819@cloudbuild.gserviceaccount.com"]},{"role":"roles/cloudbuild.serviceAgent","members":["serviceAccount:service-432321752819@gcp-sa-cloudbuild.iam.gserviceaccount.com"]},{"role":"roles/containerregistry.ServiceAgent","members":["serviceAccount:service-432321752819@containerregistry.iam.gserviceaccount.com"]},{"role":"roles/developerconnect.readTokenAccessor","members":["serviceAccount:firebase-app-hosting-compute@ibw-2026.iam.gserviceaccount.com"]},{"role":"roles/editor","members":["serviceAccount:432321752819-compute@developer.gserviceaccount.com"]},{"role":"roles/firebase.managementServiceAgent","members":["serviceAccount:service-432321752819@gcp-sa-firebase.iam.gserviceaccount.com"]},{"role":"roles/firebase.sdkAdminServiceAgent","members":["serviceAccount:firebase-adminsdk-fbsvc@ibw-2026.iam.gserviceaccount.com","serviceAccount:firebase-app-hosting-compute@ibw-2026.iam.gserviceaccount.com"]},{"role":"roles/firebaseapphosting.computeRunner","members":["serviceAccount:firebase-app-hosting-compute@ibw-2026.iam.gserviceaccount.com"]},{"role":"roles/firebaseapphosting.serviceAgent","members":["serviceAccount:service-432321752819@gcp-sa-firebaseapphosting.iam.gserviceaccount.com"]},{"role":"roles/firebaseauth.admin","members":["serviceAccount:firebase-adminsdk-fbsvc@ibw-2026.iam.gserviceaccount.com"]},{"role":"roles/firebaserules.system","members":["serviceAccount:service-432321752819@firebase-rules.iam.gserviceaccount.com"]},{"role":"roles/firestore.serviceAgent","members":["serviceAccount:service-432321752819@gcp-sa-firestore.iam.gserviceaccount.com"]},{"role":"roles/iam.serviceAccountTokenCreator","members":["serviceAccount:firebase-adminsdk-fbsvc@ibw-2026.iam.gserviceaccount.com"]},{"role":"roles/owner","members":["user:nacarabso@gmail.com"]},{"role":"roles/run.serviceAgent","members":["serviceAccount:service-432321752819@serverless-robot-prod.iam.gserviceaccount.com"]},{"role":"roles/storage.objectViewer","members":["serviceAccount:firebase-app-hosting-compute@ibw-2026.iam.gserviceaccount.com"]}]}
[info] i  This command links your local project to Firebase App Hosting. You will be able to deploy your web app with `firebase deploy` after setup. 
[info] i  === Set up your backend 
[debug] [2026-06-03T07:08:52.218Z] Checked if tokens are valid: true, expires at: 1780472256897
[debug] [2026-06-03T07:08:52.219Z] Checked if tokens are valid: true, expires at: 1780472256897
[debug] [2026-06-03T07:08:52.219Z] >>> [apiv2][query] GET https://firebaseapphosting.googleapis.com/v1beta/projects/ibw-2026/locations 
[debug] [2026-06-03T07:08:52.635Z] <<< [apiv2][status] GET https://firebaseapphosting.googleapis.com/v1beta/projects/ibw-2026/locations 200
[debug] [2026-06-03T07:08:52.635Z] <<< [apiv2][body] GET https://firebaseapphosting.googleapis.com/v1beta/projects/ibw-2026/locations {"locations":[{"name":"projects/ibw-2026/locations/asia-east1","locationId":"asia-east1","displayName":"Taiwan"},{"name":"projects/ibw-2026/locations/asia-southeast1","locationId":"asia-southeast1","displayName":"Singapore"},{"name":"projects/ibw-2026/locations/europe-west4","locationId":"europe-west4","displayName":"Netherlands"},{"name":"projects/ibw-2026/locations/us-central1","locationId":"us-central1","displayName":"Iowa"},{"name":"projects/ibw-2026/locations/us-east4","locationId":"us-east4","displayName":"Northern Virginia"},{"name":"projects/ibw-2026/locations/us-east5","locationId":"us-east5","displayName":"Columbus"}]}
[info] +  Location set to europe-west4.
 
[debug] [2026-06-03T07:09:02.752Z] Checked if tokens are valid: true, expires at: 1780472256897
[debug] [2026-06-03T07:09:02.753Z] Checked if tokens are valid: true, expires at: 1780472256897
[debug] [2026-06-03T07:09:02.753Z] >>> [apiv2][query] GET https://firebaseapphosting.googleapis.com/v1beta/projects/ibw-2026/locations/europe-west4/backends/scholar-treat [none]
[debug] [2026-06-03T07:09:02.976Z] <<< [apiv2][status] GET https://firebaseapphosting.googleapis.com/v1beta/projects/ibw-2026/locations/europe-west4/backends/scholar-treat 404
[debug] [2026-06-03T07:09:02.976Z] <<< [apiv2][body] GET https://firebaseapphosting.googleapis.com/v1beta/projects/ibw-2026/locations/europe-west4/backends/scholar-treat {"error":{"code":404,"message":"Resource 'projects/ibw-2026/locations/europe-west4/backends/scholar-treat' was not found","status":"NOT_FOUND","details":[{"@type":"type.googleapis.com/google.rpc.ResourceInfo","resourceName":"projects/ibw-2026/locations/europe-west4/backends/scholar-treat"}]}}
[info] +  Name set to scholar-treat
 
[debug] [2026-06-03T07:09:02.978Z] Checked if tokens are valid: true, expires at: 1780472256897
[debug] [2026-06-03T07:09:02.978Z] Checked if tokens are valid: true, expires at: 1780472256897
[debug] [2026-06-03T07:09:02.979Z] >>> [apiv2][query] GET https://firebase.googleapis.com/v1beta1/projects/ibw-2026/webApps pageSize=100
[debug] [2026-06-03T07:09:03.491Z] <<< [apiv2][status] GET https://firebase.googleapis.com/v1beta1/projects/ibw-2026/webApps 200
[debug] [2026-06-03T07:09:03.492Z] <<< [apiv2][body] GET https://firebase.googleapis.com/v1beta1/projects/ibw-2026/webApps {"apps":[{"name":"projects/ibw-2026/webApps/1:432321752819:web:1f233018523a5175b99186","appId":"1:432321752819:web:1f233018523a5175b99186","displayName":"Scholar-Treat","projectId":"ibw-2026","webId":"MzFhZTZiYTgtNTdhMS00MjViLWIyMTctYTgzYTE2YzhjZWNi","apiKeyId":"845323e6-2b50-46cf-97c5-72dba7e45604","state":"ACTIVE","expireTime":"1970-01-01T00:00:00Z","etag":"1_05fdb7d5-713f-4059-8d83-48d4e55ea940"}]}
[debug] [2026-06-03T07:09:03.492Z] Checked if tokens are valid: true, expires at: 1780472256897
[debug] [2026-06-03T07:09:03.492Z] Checked if tokens are valid: true, expires at: 1780472256897
[debug] [2026-06-03T07:09:03.492Z] >>> [apiv2][query] GET https://firebase.googleapis.com/v1beta1/projects/ibw-2026/webApps pageSize=100
[debug] [2026-06-03T07:09:03.797Z] <<< [apiv2][status] GET https://firebase.googleapis.com/v1beta1/projects/ibw-2026/webApps 200
[debug] [2026-06-03T07:09:03.798Z] <<< [apiv2][body] GET https://firebase.googleapis.com/v1beta1/projects/ibw-2026/webApps {"apps":[{"name":"projects/ibw-2026/webApps/1:432321752819:web:1f233018523a5175b99186","appId":"1:432321752819:web:1f233018523a5175b99186","displayName":"Scholar-Treat","projectId":"ibw-2026","webId":"MzFhZTZiYTgtNTdhMS00MjViLWIyMTctYTgzYTE2YzhjZWNi","apiKeyId":"845323e6-2b50-46cf-97c5-72dba7e45604","state":"ACTIVE","expireTime":"1970-01-01T00:00:00Z","etag":"1_05fdb7d5-713f-4059-8d83-48d4e55ea940"}]}
[debug] [2026-06-03T07:09:03.799Z] Checked if tokens are valid: true, expires at: 1780472256897
[debug] [2026-06-03T07:09:03.799Z] Checked if tokens are valid: true, expires at: 1780472256897
[debug] [2026-06-03T07:09:03.799Z] >>> [apiv2][query] POST https://firebase.googleapis.com/v1beta1/projects/ibw-2026/webApps [none]
[debug] [2026-06-03T07:09:03.799Z] >>> [apiv2][body] POST https://firebase.googleapis.com/v1beta1/projects/ibw-2026/webApps {"displayName":"scholar-treat"}
[debug] [2026-06-03T07:09:04.936Z] <<< [apiv2][status] POST https://firebase.googleapis.com/v1beta1/projects/ibw-2026/webApps 200
[debug] [2026-06-03T07:09:04.936Z] <<< [apiv2][body] POST https://firebase.googleapis.com/v1beta1/projects/ibw-2026/webApps {"name":"operations/workflows/Yzg0YTk5ZjAtOTA5OS00ZTAyLThmMDQtYThmY2YxNWU2YmI3"}
[debug] [2026-06-03T07:09:04.937Z] Checked if tokens are valid: true, expires at: 1780472256897
[debug] [2026-06-03T07:09:04.938Z] Checked if tokens are valid: true, expires at: 1780472256897
[debug] [2026-06-03T07:09:04.938Z] >>> [apiv2][query] GET https://firebase.googleapis.com/v1beta1/operations/workflows/Yzg0YTk5ZjAtOTA5OS00ZTAyLThmMDQtYThmY2YxNWU2YmI3 [none]
[debug] [2026-06-03T07:09:05.330Z] <<< [apiv2][status] GET https://firebase.googleapis.com/v1beta1/operations/workflows/Yzg0YTk5ZjAtOTA5OS00ZTAyLThmMDQtYThmY2YxNWU2YmI3 200
[debug] [2026-06-03T07:09:05.330Z] <<< [apiv2][body] GET https://firebase.googleapis.com/v1beta1/operations/workflows/Yzg0YTk5ZjAtOTA5OS00ZTAyLThmMDQtYThmY2YxNWU2YmI3 {"name":"operations/workflows/Yzg0YTk5ZjAtOTA5OS00ZTAyLThmMDQtYThmY2YxNWU2YmI3"}
[debug] [2026-06-03T07:09:05.837Z] [Create Web app Poller] Retrying task index 0
[debug] [2026-06-03T07:09:05.838Z] Checked if tokens are valid: true, expires at: 1780472256897
[debug] [2026-06-03T07:09:05.838Z] Checked if tokens are valid: true, expires at: 1780472256897
[debug] [2026-06-03T07:09:05.838Z] >>> [apiv2][query] GET https://firebase.googleapis.com/v1beta1/operations/workflows/Yzg0YTk5ZjAtOTA5OS00ZTAyLThmMDQtYThmY2YxNWU2YmI3 [none]
[debug] [2026-06-03T07:09:06.394Z] <<< [apiv2][status] GET https://firebase.googleapis.com/v1beta1/operations/workflows/Yzg0YTk5ZjAtOTA5OS00ZTAyLThmMDQtYThmY2YxNWU2YmI3 200
[debug] [2026-06-03T07:09:06.394Z] <<< [apiv2][body] GET https://firebase.googleapis.com/v1beta1/operations/workflows/Yzg0YTk5ZjAtOTA5OS00ZTAyLThmMDQtYThmY2YxNWU2YmI3 {"name":"operations/workflows/Yzg0YTk5ZjAtOTA5OS00ZTAyLThmMDQtYThmY2YxNWU2YmI3"}
[debug] [2026-06-03T07:09:07.396Z] [Create Web app Poller] Retrying task index 0
[debug] [2026-06-03T07:09:07.397Z] Checked if tokens are valid: true, expires at: 1780472256897
[debug] [2026-06-03T07:09:07.397Z] Checked if tokens are valid: true, expires at: 1780472256897
[debug] [2026-06-03T07:09:07.397Z] >>> [apiv2][query] GET https://firebase.googleapis.com/v1beta1/operations/workflows/Yzg0YTk5ZjAtOTA5OS00ZTAyLThmMDQtYThmY2YxNWU2YmI3 [none]
[debug] [2026-06-03T07:09:07.984Z] <<< [apiv2][status] GET https://firebase.googleapis.com/v1beta1/operations/workflows/Yzg0YTk5ZjAtOTA5OS00ZTAyLThmMDQtYThmY2YxNWU2YmI3 200
[debug] [2026-06-03T07:09:07.984Z] <<< [apiv2][body] GET https://firebase.googleapis.com/v1beta1/operations/workflows/Yzg0YTk5ZjAtOTA5OS00ZTAyLThmMDQtYThmY2YxNWU2YmI3 {"name":"operations/workflows/Yzg0YTk5ZjAtOTA5OS00ZTAyLThmMDQtYThmY2YxNWU2YmI3"}
[debug] [2026-06-03T07:09:09.995Z] [Create Web app Poller] Retrying task index 0
[debug] [2026-06-03T07:09:09.996Z] Checked if tokens are valid: true, expires at: 1780472256897
[debug] [2026-06-03T07:09:09.996Z] Checked if tokens are valid: true, expires at: 1780472256897
[debug] [2026-06-03T07:09:09.996Z] >>> [apiv2][query] GET https://firebase.googleapis.com/v1beta1/operations/workflows/Yzg0YTk5ZjAtOTA5OS00ZTAyLThmMDQtYThmY2YxNWU2YmI3 [none]
[debug] [2026-06-03T07:09:10.461Z] <<< [apiv2][status] GET https://firebase.googleapis.com/v1beta1/operations/workflows/Yzg0YTk5ZjAtOTA5OS00ZTAyLThmMDQtYThmY2YxNWU2YmI3 200
[debug] [2026-06-03T07:09:10.461Z] <<< [apiv2][body] GET https://firebase.googleapis.com/v1beta1/operations/workflows/Yzg0YTk5ZjAtOTA5OS00ZTAyLThmMDQtYThmY2YxNWU2YmI3 {"name":"operations/workflows/Yzg0YTk5ZjAtOTA5OS00ZTAyLThmMDQtYThmY2YxNWU2YmI3"}
[debug] [2026-06-03T07:09:14.463Z] [Create Web app Poller] Retrying task index 0
[debug] [2026-06-03T07:09:14.463Z] Checked if tokens are valid: true, expires at: 1780472256897
[debug] [2026-06-03T07:09:14.463Z] Checked if tokens are valid: true, expires at: 1780472256897
[debug] [2026-06-03T07:09:14.464Z] >>> [apiv2][query] GET https://firebase.googleapis.com/v1beta1/operations/workflows/Yzg0YTk5ZjAtOTA5OS00ZTAyLThmMDQtYThmY2YxNWU2YmI3 [none]
[debug] [2026-06-03T07:09:14.857Z] <<< [apiv2][status] GET https://firebase.googleapis.com/v1beta1/operations/workflows/Yzg0YTk5ZjAtOTA5OS00ZTAyLThmMDQtYThmY2YxNWU2YmI3 200
[debug] [2026-06-03T07:09:14.858Z] <<< [apiv2][body] GET https://firebase.googleapis.com/v1beta1/operations/workflows/Yzg0YTk5ZjAtOTA5OS00ZTAyLThmMDQtYThmY2YxNWU2YmI3 {"name":"operations/workflows/Yzg0YTk5ZjAtOTA5OS00ZTAyLThmMDQtYThmY2YxNWU2YmI3","done":true,"response":{"@type":"type.googleapis.com/google.firebase.service.v1beta1.WebApp","name":"projects/ibw-2026/webApps/1:432321752819:web:2aad2920487741cfb99186","appId":"1:432321752819:web:2aad2920487741cfb99186","displayName":"scholar-treat","projectId":"ibw-2026","webId":"MTg3ODU3NWQtMGJjNi00NDY4LWJkZDktYmUzMTEyMjZkMzdj","apiKeyId":"845323e6-2b50-46cf-97c5-72dba7e45604","state":"ACTIVE","expireTime":"1970-01-01T00:00:00Z","etag":"1_10dcf410-0781-4f78-a7bc-1b77b99df90b"}}
[info] +  Created a new Firebase web app named "scholar-treat" 
[debug] [2026-06-03T07:09:14.876Z] Checked if tokens are valid: true, expires at: 1780472256897
[debug] [2026-06-03T07:09:14.876Z] Checked if tokens are valid: true, expires at: 1780472256897
[debug] [2026-06-03T07:09:14.876Z] >>> [apiv2][query] POST https://firebaseapphosting.googleapis.com/v1beta/projects/ibw-2026/locations/europe-west4/backends backendId=scholar-treat
[debug] [2026-06-03T07:09:14.877Z] >>> [apiv2][body] POST https://firebaseapphosting.googleapis.com/v1beta/projects/ibw-2026/locations/europe-west4/backends {"servingLocality":"GLOBAL_ACCESS","labels":{"deployment-tool":"cli-firebase"},"serviceAccount":"firebase-app-hosting-compute@ibw-2026.iam.gserviceaccount.com","appId":"1:432321752819:web:2aad2920487741cfb99186"}
[debug] [2026-06-03T07:09:16.484Z] <<< [apiv2][status] POST https://firebaseapphosting.googleapis.com/v1beta/projects/ibw-2026/locations/europe-west4/backends 200
[debug] [2026-06-03T07:09:16.484Z] <<< [apiv2][body] POST https://firebaseapphosting.googleapis.com/v1beta/projects/ibw-2026/locations/europe-west4/backends {"name":"projects/ibw-2026/locations/europe-west4/operations/operation-1780470537879-6535419f17ea8-9b511fe1-90af6025","metadata":{"@type":"type.googleapis.com/google.firebase.apphosting.v1beta.OperationMetadata","createTime":"2026-06-03T07:08:59.236365683Z","target":"projects/ibw-2026/locations/europe-west4/backends/scholar-treat","verb":"create","requestedCancellation":false,"apiVersion":"v1beta"},"done":false}
[debug] [2026-06-03T07:09:16.484Z] Checked if tokens are valid: true, expires at: 1780472256897
[debug] [2026-06-03T07:09:16.484Z] Checked if tokens are valid: true, expires at: 1780472256897
[debug] [2026-06-03T07:09:16.484Z] >>> [apiv2][query] GET https://firebaseapphosting.googleapis.com/v1beta/projects/ibw-2026/locations/europe-west4/operations/operation-1780470537879-6535419f17ea8-9b511fe1-90af6025 [none]
[debug] [2026-06-03T07:09:16.600Z] <<< [apiv2][status] GET https://firebaseapphosting.googleapis.com/v1beta/projects/ibw-2026/locations/europe-west4/operations/operation-1780470537879-6535419f17ea8-9b511fe1-90af6025 200
[debug] [2026-06-03T07:09:16.600Z] <<< [apiv2][body] GET https://firebaseapphosting.googleapis.com/v1beta/projects/ibw-2026/locations/europe-west4/operations/operation-1780470537879-6535419f17ea8-9b511fe1-90af6025 {"name":"projects/ibw-2026/locations/europe-west4/operations/operation-1780470537879-6535419f17ea8-9b511fe1-90af6025","metadata":{"@type":"type.googleapis.com/google.firebase.apphosting.v1beta.OperationMetadata","createTime":"2026-06-03T07:08:59.236365683Z","target":"projects/ibw-2026/locations/europe-west4/backends/scholar-treat","verb":"create","requestedCancellation":false,"apiVersion":"v1beta"},"done":false}
[debug] [2026-06-03T07:09:17.105Z] [create-ibw-2026-europe-west4-scholar-treat] Retrying task index 0
[debug] [2026-06-03T07:09:17.106Z] Checked if tokens are valid: true, expires at: 1780472256897
[debug] [2026-06-03T07:09:17.106Z] Checked if tokens are valid: true, expires at: 1780472256897
[debug] [2026-06-03T07:09:17.106Z] >>> [apiv2][query] GET https://firebaseapphosting.googleapis.com/v1beta/projects/ibw-2026/locations/europe-west4/operations/operation-1780470537879-6535419f17ea8-9b511fe1-90af6025 [none]
[debug] [2026-06-03T07:09:17.179Z] <<< [apiv2][status] GET https://firebaseapphosting.googleapis.com/v1beta/projects/ibw-2026/locations/europe-west4/operations/operation-1780470537879-6535419f17ea8-9b511fe1-90af6025 200
[debug] [2026-06-03T07:09:17.179Z] <<< [apiv2][body] GET https://firebaseapphosting.googleapis.com/v1beta/projects/ibw-2026/locations/europe-west4/operations/operation-1780470537879-6535419f17ea8-9b511fe1-90af6025 {"name":"projects/ibw-2026/locations/europe-west4/operations/operation-1780470537879-6535419f17ea8-9b511fe1-90af6025","metadata":{"@type":"type.googleapis.com/google.firebase.apphosting.v1beta.OperationMetadata","createTime":"2026-06-03T07:08:59.236365683Z","endTime":"2026-06-03T07:08:59.659090950Z","target":"projects/ibw-2026/locations/europe-west4/backends/scholar-treat","verb":"create","requestedCancellation":false,"apiVersion":"v1beta"},"done":true,"response":{"@type":"type.googleapis.com/google.firebase.apphosting.v1beta.Backend","name":"projects/ibw-2026/locations/europe-west4/backends/scholar-treat","createTime":"2026-06-03T07:08:59.231220173Z","updateTime":"2026-06-03T07:08:59.656305Z","labels":{"deployment-tool":"cli-firebase"},"uri":"scholar-treat--ibw-2026.europe-west4.hosted.app","uid":"215b5e6d-f87a-4f88-b455-156a6b925b11","etag":"0fBExSQTmmEcWP8ohdnEVuCS5f0Ci1K4qGecQnGfSDA","reconciling":false,"servingLocality":"GLOBAL_ACCESS","serviceAccount":"firebase-app-hosting-compute@ibw-2026.iam.gserviceaccount.com","appId":"1:432321752819:web:2aad2920487741cfb99186"}}
[info] i  === Deploy local source setup 
[info] +  Wrote configuration info to firebase.json 
[info] i  Writing default settings to apphosting.yaml... 
[debug] [2026-06-03T07:09:20.051Z] Error: ENOTDIR: not a directory, scandir 'D:\PROJELER\4. proje\web\y'
    at Object.readdirSync (node:fs:1569:26)
    at Object.createFileSync (C:\Users\samed\AppData\Roaming\npm\node_modules\firebase-tools\node_modules\fs-extra\lib\ensure\file.js:55:10)
    at Config.writeProjectFile (C:\Users\samed\AppData\Roaming\npm\node_modules\firebase-tools\lib\config.js:166:12)
    at Config.askWriteProjectFile (C:\Users\samed\AppData\Roaming\npm\node_modules\firebase-tools\lib\config.js:215:14)
    at async Object.doSetup (C:\Users\samed\AppData\Roaming\npm\node_modules\firebase-tools\lib\init\features\apphosting.js:73:5)
    at async init (C:\Users\samed\AppData\Roaming\npm\node_modules\firebase-tools\lib\init\index.js:98:13)
    at async Command.initAction [as actionFn] (C:\Users\samed\AppData\Roaming\npm\node_modules\firebase-tools\lib\commands\init.js:232:5)
[error] 
[error] Error: An unexpected error has occurred.
